<?xml version="1.0" encoding="UTF-8"?>
<testng-results skipped="0" failed="0" ignored="0" total="2" passed="2">
  <reporter-output>
  </reporter-output>
  <suite name="qumu.RunnerTest" duration-ms="18956" started-at="2020-12-21T00:35:24 GMT" finished-at="2020-12-21T00:35:43 GMT">
    <groups>
      <group name="cucumber">
        <method signature="RunnerTest.feature(cucumber.api.testng.CucumberFeatureWrapper)[pri:0, instance:qumu.RunnerTest@3224f60b]" name="feature" class="qumu.RunnerTest"/>
      </group> <!-- cucumber -->
    </groups>
    <test name="Command line test" duration-ms="18956" started-at="2020-12-21T00:35:24 GMT" finished-at="2020-12-21T00:35:43 GMT">
      <class name="qumu.RunnerTest">
        <test-method status="PASS" signature="setUpClass()[pri:0, instance:qumu.RunnerTest@3224f60b]" name="setUpClass" is-config="true" duration-ms="132" started-at="2020-12-21T00:35:24 GMT" finished-at="2020-12-21T00:35:24 GMT">
          <reporter-output>
          </reporter-output>
        </test-method> <!-- setUpClass -->
        <test-method status="PASS" signature="feature(cucumber.api.testng.CucumberFeatureWrapper)[pri:0, instance:qumu.RunnerTest@3224f60b]" name="feature" duration-ms="6329" started-at="2020-12-21T00:35:24 GMT" description="Runs Cucumber Feature" data-provider="features" finished-at="2020-12-21T00:35:31 GMT">
          <params>
            <param index="0">
              <value>
                <![CDATA[API test]]>
              </value>
            </param>
          </params>
          <reporter-output>
          </reporter-output>
        </test-method> <!-- feature -->
        <test-method status="PASS" signature="feature(cucumber.api.testng.CucumberFeatureWrapper)[pri:0, instance:qumu.RunnerTest@3224f60b]" name="feature" duration-ms="12377" started-at="2020-12-21T00:35:31 GMT" description="Runs Cucumber Feature" data-provider="features" finished-at="2020-12-21T00:35:43 GMT">
          <params>
            <param index="0">
              <value>
                <![CDATA[Checkout items in the basket]]>
              </value>
            </param>
          </params>
          <reporter-output>
          </reporter-output>
        </test-method> <!-- feature -->
        <test-method status="PASS" signature="tearDownClass()[pri:0, instance:qumu.RunnerTest@3224f60b]" name="tearDownClass" is-config="true" duration-ms="41" started-at="2020-12-21T00:35:43 GMT" finished-at="2020-12-21T00:35:43 GMT">
          <reporter-output>
          </reporter-output>
        </test-method> <!-- tearDownClass -->
      </class> <!-- qumu.RunnerTest -->
    </test> <!-- Command line test -->
  </suite> <!-- qumu.RunnerTest -->
</testng-results>
