<?xml version="1.0" encoding="UTF-8"?><testng-results failed="0" passed="9" skipped="0" total="9">
<suite duration-ms="19625" name="cucumber.runtime.formatter.TestNGFormatter">
<test duration-ms="19625" name="cucumber.runtime.formatter.TestNGFormatter">
<class name="API test">
<test-method duration-ms="2077" finished-at="2021-03-29T17:08:58Z" name="Should see LIST USERS of all existing users" started-at="2021-03-29T17:08:56Z" status="PASS"/>
<test-method duration-ms="146" finished-at="2021-03-29T17:08:58Z" name="Should see SINGLE USER data" started-at="2021-03-29T17:08:58Z" status="PASS"/>
<test-method duration-ms="154" finished-at="2021-03-29T17:08:58Z" name="Should see SINGLE USER NOT FOUND error code" started-at="2021-03-29T17:08:58Z" status="PASS"/>
<test-method duration-ms="216" finished-at="2021-03-29T17:08:59Z" name="CREATE a user" started-at="2021-03-29T17:08:58Z" status="PASS"/>
<test-method duration-ms="334" finished-at="2021-03-29T17:08:59Z" name="CREATE a user_2" started-at="2021-03-29T17:08:59Z" status="PASS"/>
<test-method duration-ms="192" finished-at="2021-03-29T17:08:59Z" name="LOGIN - SUCCESSFUL by a user" started-at="2021-03-29T17:08:59Z" status="PASS"/>
<test-method duration-ms="195" finished-at="2021-03-29T17:08:59Z" name="LOGIN - UNSUCCESSFUL by a user" started-at="2021-03-29T17:08:59Z" status="PASS"/>
<test-method duration-ms="3280" finished-at="2021-03-29T17:09:03Z" name="Should see the list of users with DELAYED RESPONSE" started-at="2021-03-29T17:08:59Z" status="PASS"/>
</class>
<class name="Checkout items in the basket">
<test-method duration-ms="13031" finished-at="2021-03-29T17:09:16Z" name="Check item total cost and tax" started-at="2021-03-29T17:09:03Z" status="PASS"/>
</class>
</test>
</suite>
</testng-results>
