<?xml version="1.0" encoding="UTF-8"?><testng-results failed="0" passed="9" skipped="0" total="9">
<suite duration-ms="18546" name="cucumber.runtime.formatter.TestNGFormatter">
<test duration-ms="18546" name="cucumber.runtime.formatter.TestNGFormatter">
<class name="API test">
<test-method duration-ms="1945" finished-at="2020-12-21T00:35:26Z" name="Should see LIST USERS of all existing users" started-at="2020-12-21T00:35:25Z" status="PASS"/>
<test-method duration-ms="144" finished-at="2020-12-21T00:35:27Z" name="Should see SINGLE USER data" started-at="2020-12-21T00:35:26Z" status="PASS"/>
<test-method duration-ms="129" finished-at="2020-12-21T00:35:27Z" name="Should see SINGLE USER NOT FOUND error code" started-at="2020-12-21T00:35:27Z" status="PASS"/>
<test-method duration-ms="231" finished-at="2020-12-21T00:35:27Z" name="CREATE a user" started-at="2020-12-21T00:35:27Z" status="PASS"/>
<test-method duration-ms="195" finished-at="2020-12-21T00:35:27Z" name="CREATE a user_2" started-at="2020-12-21T00:35:27Z" status="PASS"/>
<test-method duration-ms="175" finished-at="2020-12-21T00:35:27Z" name="LOGIN - SUCCESSFUL by a user" started-at="2020-12-21T00:35:27Z" status="PASS"/>
<test-method duration-ms="184" finished-at="2020-12-21T00:35:28Z" name="LOGIN - UNSUCCESSFUL by a user" started-at="2020-12-21T00:35:27Z" status="PASS"/>
<test-method duration-ms="3189" finished-at="2020-12-21T00:35:31Z" name="Should see the list of users with DELAYED RESPONSE" started-at="2020-12-21T00:35:28Z" status="PASS"/>
</class>
<class name="Checkout items in the basket">
<test-method duration-ms="12354" finished-at="2020-12-21T00:35:43Z" name="Check item total cost and tax" started-at="2020-12-21T00:35:31Z" status="PASS"/>
</class>
</test>
</suite>
</testng-results>
